sender:

cert_file: receiver_ee_cert.pem

temp priv key, 32
76b81d54547078c4939d33dd65859da06daab7125866b5d1171cd763265c9040
76 b8 1d 54 54 70 78 c4 
93 9d 33 dd 65 85 9d a0 
6d aa b7 12 58 66 b5 d1 
17 1c d7 63 26 5c 90 40 

temp pub pem:
-----BEGIN PUBLIC KEY-----
MFkwEwYHKoZIzj0CAQYIKoZIzj0DAQcDQgAEn5lppy+QTGO7C3r2GguirNCox7aH
wCInsqX06pfQ/LfVhgLs8zV+twQW43zVZUkzKwGfVJ9dqyX7QKBnj83rvw==
-----END PUBLIC KEY-----


receiver public key, 33
03bc91f251f584f92efcd75a4a33af23761216195b173a758582cfcf20e5b9ee91
03 bc 91 f2 51 f5 84 f9 
2e fc d7 5a 4a 33 af 23 
76 12 16 19 5b 17 3a 75 
85 82 cf cf 20 e5 b9 ee 
91 

sender ecdh z, 32
d6e6ef62264aca120760f76309ffffdd744c30200885763666054c992e5ae8c1
d6 e6 ef 62 26 4a ca 12 
07 60 f7 63 09 ff ff dd 
74 4c 30 20 08 85 76 36 
66 05 4c 99 2e 5a e8 c1 


hkdf key, 32
d6e6ef62264aca120760f76309ffffdd744c30200885763666054c992e5ae8c1
d6 e6 ef 62 26 4a ca 12 
07 60 f7 63 09 ff ff dd 
74 4c 30 20 08 85 76 36 
66 05 4c 99 2e 5a e8 c1 


hkdf salt, 32
12b2470c8b1450ae64863ca1cab205cfaa06d9d0bac5d18098ca9632926fcb95
12 b2 47 0c 8b 14 50 ae 
64 86 3c a1 ca b2 05 cf 
aa 06 d9 d0 ba c5 d1 80 
98 ca 96 32 92 6f cb 95 


hkdf L: 32

hkdf okm, 32
d959787b4cbccf5d7d9eeaebf6c335cd750d57c1514ce178ee52014a7857e9ca
d9 59 78 7b 4c bc cf 5d 
7d 9e ea eb f6 c3 35 cd 
75 0d 57 c1 51 4c e1 78 
ee 52 01 4a 78 57 e9 ca 


aes encrypt: plaintext, 51
66756a69616e207175616e7a686f75203636363636363636363636363636363636363636363636363636363636363636363636
66 75 6a 69 61 6e 20 71 
75 61 6e 7a 68 6f 75 20 
36 36 36 36 36 36 36 36 
36 36 36 36 36 36 36 36 
36 36 36 36 36 36 36 36 
36 36 36 36 36 36 36 36 
36 36 36 

aes encrypt key, 32
d959787b4cbccf5d7d9eeaebf6c335cd750d57c1514ce178ee52014a7857e9ca
d9 59 78 7b 4c bc cf 5d 
7d 9e ea eb f6 c3 35 cd 
75 0d 57 c1 51 4c e1 78 
ee 52 01 4a 78 57 e9 ca 


aes encrypt iv, 12
bb9141de504f39d61b06e466
bb 91 41 de 50 4f 39 d6 
1b 06 e4 66 

aes encrypt aad, 18
736f6d656465766963652e636f6e74657874
73 6f 6d 65 64 65 76 69 
63 65 2e 63 6f 6e 74 65 
78 74 

aes encrypt: tag, 16
1e257aa426da9773a3da2b67e115d0fd
1e 25 7a a4 26 da 97 73 
a3 da 2b 67 e1 15 d0 fd 


aes encrypt: cipher, 51
3ce7d72975ace7fd5499fcfae3948a392eaf001e956a933946704ff20fae17db59ce7b7247921395e397056cf7be95e2938e0e
3c e7 d7 29 75 ac e7 fd 
54 99 fc fa e3 94 8a 39 
2e af 00 1e 95 6a 93 39 
46 70 4f f2 0f ae 17 db 
59 ce 7b 72 47 92 13 95 
e3 97 05 6c f7 be 95 e2 
93 8e 0e 

receiver:


receiver priv key, 32
6b661027c0f34cffc82f1977456fafa3f2b1e4fbbc6fef52bf7a9f400f809906
6b 66 10 27 c0 f3 4c ff 
c8 2f 19 77 45 6f af a3 
f2 b1 e4 fb bc 6f ef 52 
bf 7a 9f 40 0f 80 99 06 

receive temp pub pem 178
-----BEGIN PUBLIC KEY-----
MFkwEwYHKoZIzj0CAQYIKoZIzj0DAQcDQgAEn5lppy+QTGO7C3r2GguirNCox7aH
wCInsqX06pfQ/LfVhgLs8zV+twQW43zVZUkzKwGfVJ9dqyX7QKBnj83rvw==
-----END PUBLIC KEY-----

ret: 0

temp public key, 33
039f9969a72f904c63bb0b7af61a0ba2acd0a8c7b687c02227b2a5f4ea97d0fcb7
03 9f 99 69 a7 2f 90 4c 
63 bb 0b 7a f6 1a 0b a2 
ac d0 a8 c7 b6 87 c0 22 
27 b2 a5 f4 ea 97 d0 fc 
b7 

ecdh z, 32
d6e6ef62264aca120760f76309ffffdd744c30200885763666054c992e5ae8c1
d6 e6 ef 62 26 4a ca 12 
07 60 f7 63 09 ff ff dd 
74 4c 30 20 08 85 76 36 
66 05 4c 99 2e 5a e8 c1 


hkdf key, 32
d6e6ef62264aca120760f76309ffffdd744c30200885763666054c992e5ae8c1
d6 e6 ef 62 26 4a ca 12 
07 60 f7 63 09 ff ff dd 
74 4c 30 20 08 85 76 36 
66 05 4c 99 2e 5a e8 c1 


hkdf salt, 32
12b2470c8b1450ae64863ca1cab205cfaa06d9d0bac5d18098ca9632926fcb95
12 b2 47 0c 8b 14 50 ae 
64 86 3c a1 ca b2 05 cf 
aa 06 d9 d0 ba c5 d1 80 
98 ca 96 32 92 6f cb 95 


hkdf L: 32

hkdf okm, 32
d959787b4cbccf5d7d9eeaebf6c335cd750d57c1514ce178ee52014a7857e9ca
d9 59 78 7b 4c bc cf 5d 
7d 9e ea eb f6 c3 35 cd 
75 0d 57 c1 51 4c e1 78 
ee 52 01 4a 78 57 e9 ca 


aes decrypt: cipher, 51
3ce7d72975ace7fd5499fcfae3948a392eaf001e956a933946704ff20fae17db59ce7b7247921395e397056cf7be95e2938e0e
3c e7 d7 29 75 ac e7 fd 
54 99 fc fa e3 94 8a 39 
2e af 00 1e 95 6a 93 39 
46 70 4f f2 0f ae 17 db 
59 ce 7b 72 47 92 13 95 
e3 97 05 6c f7 be 95 e2 
93 8e 0e 

aes decrypt key, 32
d959787b4cbccf5d7d9eeaebf6c335cd750d57c1514ce178ee52014a7857e9ca
d9 59 78 7b 4c bc cf 5d 
7d 9e ea eb f6 c3 35 cd 
75 0d 57 c1 51 4c e1 78 
ee 52 01 4a 78 57 e9 ca 


aes decrypt iv, 12
bb9141de504f39d61b06e466
bb 91 41 de 50 4f 39 d6 
1b 06 e4 66 

aes decrypt aad, 18
736f6d656465766963652e636f6e74657874
73 6f 6d 65 64 65 76 69 
63 65 2e 63 6f 6e 74 65 
78 74 

aes decrypt: tag, 16
1e257aa426da9773a3da2b67e115d0fd
1e 25 7a a4 26 da 97 73 
a3 da 2b 67 e1 15 d0 fd 


aes decrypt: plaintext, 51
66756a69616e207175616e7a686f75203636363636363636363636363636363636363636363636363636363636363636363636
66 75 6a 69 61 6e 20 71 
75 61 6e 7a 68 6f 75 20 
36 36 36 36 36 36 36 36 
36 36 36 36 36 36 36 36 
36 36 36 36 36 36 36 36 
36 36 36 36 36 36 36 36 
36 36 36 
