
### $d_pem: '-----BEGIN EC PRIVATE KEY-----
MGgCAQEEHA+nJ17CbLl6jDtnqvjQEBeKD87erK3ad3PRXbagBwYFK4EEACGhPAM6
AAQVmlrAzyseUfIFEM0IxO8MPFT9kxEWscSKf/m4TFI0fM6afYJUqPD23eyURQ0h
3lj/or3zuh0NIQ==
-----END EC PRIVATE KEY-----'

### $d_pem: '-----BEGIN EC PRIVATE KEY-----
MGgCAQEEHA+nJ17CbLl6jDtnqvjQEBeKD87erK3ad3PRXbagBwYFK4EEACGhPAM6
AAQVmlrAzyseUfIFEM0IxO8MPFT9kxEWscSKf/m4TFI0fM6afYJUqPD23eyURQ0h
3lj/or3zuh0NIQ==
-----END EC PRIVATE KEY-----'

### $p_pem_header: 'PUBLIC KEY'

### $p_pem_header: 'PUBLIC KEY'

### $P_pem: '-----BEGIN PUBLIC KEY-----
ME4wEAYHKoZIzj0CAQYFK4EEACEDOgAEFZpawM8rHlHyBRDNCMTvDDxU/ZMRFrHE
in/5uExSNHzOmn2CVKjw9t3slEUNId5Y/6K987odDSE=
-----END PUBLIC KEY-----'

### $P_pem: '-----BEGIN PUBLIC KEY-----
ME4wEAYHKoZIzj0CAQYFK4EEACEDOgAEFZpawM8rHlHyBRDNCMTvDDxU/ZMRFrHE
in/5uExSNHzOmn2CVKjw9t3slEUNId5Y/6K987odDSE=
-----END PUBLIC KEY-----'

### sk: '7322f25ad603c3c1608ff35605de5310fc7440dc995b7f38d3b9ef4634d15312'

### sk: '7322f25ad603c3c1608ff35605de5310fc7440dc995b7f38d3b9ef4634d15312'
### counter: '0x0'
### counter: '0x0'

### sk: '0311ba78dc884e949b4025dac715e7c85a9e594a3370819fcdc3901e724e07fc'

### sk: '0311ba78dc884e949b4025dac715e7c85a9e594a3370819fcdc3901e724e07fc'
### counter: '0x1'
### counter: '0x1'

### u, v: '2cbb155785a3ab891b48176c7560702d49c2c67910449abbd890e0ddb3d34b61'

### u, v: '2cbb155785a3ab891b48176c7560702d49c2c67910449abbd890e0ddb3d34b61'

### u: '0x2cbb155785a3ab891b48176c7560702d'

### u: '0x2cbb155785a3ab891b48176c7560702d'
### v: '0x49c2c67910449abbd890e0ddb3d34b61'
### v: '0x49c2c67910449abbd890e0ddb3d34b61'

### d_i: '0x13e47c1c0eddd0c8e2f8a425f2b65cee2c77182613d92d2d650123cf'

### d_i: '0x13e47c1c0eddd0c8e2f8a425f2b65cee2c77182613d92d2d650123cf'

### d_i_pem: '-----BEGIN EC PRIVATE KEY-----
MGgCAQEEHBPkfBwO3dDI4vikJfK2XO4sdxgmE9ktLWUBI8+gBwYFK4EEACGhPAM6
AASFRPEg7zrgZEAuyhivYwKvUTjpyTYrwMzfXGm21Y4M1yL9Binuk12tijmApVQ3
K/YsC//dmx9tEg==
-----END EC PRIVATE KEY-----'

### d_i_pem: '-----BEGIN EC PRIVATE KEY-----
MGgCAQEEHBPkfBwO3dDI4vikJfK2XO4sdxgmE9ktLWUBI8+gBwYFK4EEACGhPAM6
AASFRPEg7zrgZEAuyhivYwKvUTjpyTYrwMzfXGm21Y4M1yL9Binuk12tijmApVQ3
K/YsC//dmx9tEg==
-----END EC PRIVATE KEY-----'

### P_i_encoded: '048544f120ef3ae064402eca18af6302af5138e9c9362bc0ccdf5c69b6d58e0cd722fd0629ee935dad8a3980a554372bf62c0bffdd9b1f6d12'

### P_i_encoded: '048544f120ef3ae064402eca18af6302af5138e9c9362bc0ccdf5c69b6d58e0cd722fd0629ee935dad8a3980a554372bf62c0bffdd9b1f6d12'

### P_i_pem: '-----BEGIN PUBLIC KEY-----
ME4wEAYHKoZIzj0CAQYFK4EEACEDOgAEhUTxIO864GRALsoYr2MCr1E46ck2K8DM
31xpttWODNci/QYp7pNdrYo5gKVUNyv2LAv/3ZsfbRI=
-----END PUBLIC KEY-----'

### P_i_pem: '-----BEGIN PUBLIC KEY-----
ME4wEAYHKoZIzj0CAQYFK4EEACEDOgAEhUTxIO864GRALsoYr2MCr1E46ck2K8DM
31xpttWODNci/QYp7pNdrYo5gKVUNyv2LAv/3ZsfbRI=
-----END PUBLIC KEY-----'

### sk: '61e9a4aa72a6adbe2f9f8b6bc1ab0a4321690a720d59a9e0d51d0c68ae4dc63d'

### sk: '61e9a4aa72a6adbe2f9f8b6bc1ab0a4321690a720d59a9e0d51d0c68ae4dc63d'
### counter: '0x2'
### counter: '0x2'

### u, v: 'c02c143c2d070aa2f8874bd873a1d9d55451307c15576fd4e1a0f3c3d6921488'

### u, v: 'c02c143c2d070aa2f8874bd873a1d9d55451307c15576fd4e1a0f3c3d6921488'

### u: '0xc02c143c2d070aa2f8874bd873a1d9d5'

### u: '0xc02c143c2d070aa2f8874bd873a1d9d5'
### v: '0x5451307c15576fd4e1a0f3c3d6921488'
### v: '0x5451307c15576fd4e1a0f3c3d6921488'

### d_i: '0x7ce94cee0920e5b8df4eb7b053ceb7ebe59bcb80f42ba224265647ea'

### d_i: '0x7ce94cee0920e5b8df4eb7b053ceb7ebe59bcb80f42ba224265647ea'

### d_i_pem: '-----BEGIN EC PRIVATE KEY-----
MGgCAQEEHHzpTO4JIOW43063sFPOt+vlm8uA9CuiJCZWR+qgBwYFK4EEACGhPAM6
AAQyXvqhey04moehZ+BhPbbaHub8LwfOij49PnBoldq9moZMpjJRjTwhG4Lc30Jg
RiKxX/uAs5EHPQ==
-----END EC PRIVATE KEY-----'

### d_i_pem: '-----BEGIN EC PRIVATE KEY-----
MGgCAQEEHHzpTO4JIOW43063sFPOt+vlm8uA9CuiJCZWR+qgBwYFK4EEACGhPAM6
AAQyXvqhey04moehZ+BhPbbaHub8LwfOij49PnBoldq9moZMpjJRjTwhG4Lc30Jg
RiKxX/uAs5EHPQ==
-----END EC PRIVATE KEY-----'

### P_i_encoded: '04325efaa17b2d389a87a167e0613db6da1ee6fc2f07ce8a3e3d3e706895dabd9a864ca632518d3c211b82dcdf42604622b15ffb80b391073d'

### P_i_encoded: '04325efaa17b2d389a87a167e0613db6da1ee6fc2f07ce8a3e3d3e706895dabd9a864ca632518d3c211b82dcdf42604622b15ffb80b391073d'

### P_i_pem: '-----BEGIN PUBLIC KEY-----
ME4wEAYHKoZIzj0CAQYFK4EEACEDOgAEMl76oXstOJqHoWfgYT222h7m/C8Hzoo+
PT5waJXavZqGTKYyUY08IRuC3N9CYEYisV/7gLORBz0=
-----END PUBLIC KEY-----'

### P_i_pem: '-----BEGIN PUBLIC KEY-----
ME4wEAYHKoZIzj0CAQYFK4EEACEDOgAEMl76oXstOJqHoWfgYT222h7m/C8Hzoo+
PT5waJXavZqGTKYyUY08IRuC3N9CYEYisV/7gLORBz0=
-----END PUBLIC KEY-----'

### sk: '000fedf33a9ada1136b6ae2d76609cd7b13d4203633765a2562dd5904faa599c'

### sk: '000fedf33a9ada1136b6ae2d76609cd7b13d4203633765a2562dd5904faa599c'
### counter: '0x3'
### counter: '0x3'

### u, v: '21e1022f3b732e71db247ae27897fb15bc58633cfdf734867d6dbfbf4aed8ba8'

### u, v: '21e1022f3b732e71db247ae27897fb15bc58633cfdf734867d6dbfbf4aed8ba8'

### u: '0x21e1022f3b732e71db247ae27897fb15'

### u: '0x21e1022f3b732e71db247ae27897fb15'
### v: '0xbc58633cfdf734867d6dbfbf4aed8ba8'
### v: '0xbc58633cfdf734867d6dbfbf4aed8ba8'

### d_i: '0xa1ba967b48d7ece8fa91225e472212d2820cf30fced84baaec1094b2'

### d_i: '0xa1ba967b48d7ece8fa91225e472212d2820cf30fced84baaec1094b2'

### d_i_pem: '-----BEGIN EC PRIVATE KEY-----
MGgCAQEEHKG6lntI1+zo+pEiXkciEtKCDPMPzthLquwQlLKgBwYFK4EEACGhPAM6
AAS1pFmBKAqQwl+cr5rBQBSQ6v/uNzJ1JmFkEMnNdIb9jYND9mYxEdE43E/KdSvr
fSZixHwYencwMw==
-----END EC PRIVATE KEY-----'

### d_i_pem: '-----BEGIN EC PRIVATE KEY-----
MGgCAQEEHKG6lntI1+zo+pEiXkciEtKCDPMPzthLquwQlLKgBwYFK4EEACGhPAM6
AAS1pFmBKAqQwl+cr5rBQBSQ6v/uNzJ1JmFkEMnNdIb9jYND9mYxEdE43E/KdSvr
fSZixHwYencwMw==
-----END EC PRIVATE KEY-----'

### P_i_encoded: '04b5a45981280a90c25f9caf9ac1401490eaffee37327526616410c9cd7486fd8d8343f6663111d138dc4fca752beb7d2662c47c187a773033'

### P_i_encoded: '04b5a45981280a90c25f9caf9ac1401490eaffee37327526616410c9cd7486fd8d8343f6663111d138dc4fca752beb7d2662c47c187a773033'

### P_i_pem: '-----BEGIN PUBLIC KEY-----
ME4wEAYHKoZIzj0CAQYFK4EEACEDOgAEtaRZgSgKkMJfnK+awUAUkOr/7jcydSZh
ZBDJzXSG/Y2DQ/ZmMRHRONxPynUr630mYsR8GHp3MDM=
-----END PUBLIC KEY-----'

### P_i_pem: '-----BEGIN PUBLIC KEY-----
ME4wEAYHKoZIzj0CAQYFK4EEACEDOgAEtaRZgSgKkMJfnK+awUAUkOr/7jcydSZh
ZBDJzXSG/Y2DQ/ZmMRHRONxPynUr630mYsR8GHp3MDM=
-----END PUBLIC KEY-----'

### sk: '60be01c7a5ee9f9c7d25264ba5cbd6147f13129fabf92e9e2ccf9756cdd861b9'

### sk: '60be01c7a5ee9f9c7d25264ba5cbd6147f13129fabf92e9e2ccf9756cdd861b9'
### counter: '0x4'
### counter: '0x4'

### u, v: 'b962e2445046d8a8380b1c297fa8a3309ec9399fb30e8596c23ae5b254dc942e'

### u, v: 'b962e2445046d8a8380b1c297fa8a3309ec9399fb30e8596c23ae5b254dc942e'

### u: '0xb962e2445046d8a8380b1c297fa8a330'

### u: '0xb962e2445046d8a8380b1c297fa8a330'
### v: '0x9ec9399fb30e8596c23ae5b254dc942e'
### v: '0x9ec9399fb30e8596c23ae5b254dc942e'

### d_i: '0x2367c616a9787633ad4382a1452a69ec6c157f4e5b73a681601d562a'

### d_i: '0x2367c616a9787633ad4382a1452a69ec6c157f4e5b73a681601d562a'

### d_i_pem: '-----BEGIN EC PRIVATE KEY-----
MGgCAQEEHCNnxhapeHYzrUOCoUUqaexsFX9OW3OmgWAdViqgBwYFK4EEACGhPAM6
AASEtwzMyfNrrdky9yAVKHfykQE8+alHxKRgXnI8d7K9boBCkG+MKjrbC828grQP
vckyQVGiHEDXlg==
-----END EC PRIVATE KEY-----'

### d_i_pem: '-----BEGIN EC PRIVATE KEY-----
MGgCAQEEHCNnxhapeHYzrUOCoUUqaexsFX9OW3OmgWAdViqgBwYFK4EEACGhPAM6
AASEtwzMyfNrrdky9yAVKHfykQE8+alHxKRgXnI8d7K9boBCkG+MKjrbC828grQP
vckyQVGiHEDXlg==
-----END EC PRIVATE KEY-----'

### P_i_encoded: '0484b70cccc9f36badd932f720152877f291013cf9a947c4a4605e723c77b2bd6e8042906f8c2a3adb0bcdbc82b40fbdc9324151a21c40d796'

### P_i_encoded: '0484b70cccc9f36badd932f720152877f291013cf9a947c4a4605e723c77b2bd6e8042906f8c2a3adb0bcdbc82b40fbdc9324151a21c40d796'

### P_i_pem: '-----BEGIN PUBLIC KEY-----
ME4wEAYHKoZIzj0CAQYFK4EEACEDOgAEhLcMzMnza63ZMvcgFSh38pEBPPmpR8Sk
YF5yPHeyvW6AQpBvjCo62wvNvIK0D73JMkFRohxA15Y=
-----END PUBLIC KEY-----'

### P_i_pem: '-----BEGIN PUBLIC KEY-----
ME4wEAYHKoZIzj0CAQYFK4EEACEDOgAEhLcMzMnza63ZMvcgFSh38pEBPPmpR8Sk
YF5yPHeyvW6AQpBvjCo62wvNvIK0D73JMkFRohxA15Y=
-----END PUBLIC KEY-----'

### sk: 'd5f0c2a1308e76107ea88dad58dac525bd7799b6ae3d62744bce3ad57603e11e'

### sk: 'd5f0c2a1308e76107ea88dad58dac525bd7799b6ae3d62744bce3ad57603e11e'
### counter: '0x5'
### counter: '0x5'

### u, v: '306d0218b44fa4d1acebfff59420609e68da23115dfb83f67515cb2b65b4dd09'

### u, v: '306d0218b44fa4d1acebfff59420609e68da23115dfb83f67515cb2b65b4dd09'

### u: '0x306d0218b44fa4d1acebfff59420609e'

### u: '0x306d0218b44fa4d1acebfff59420609e'
### v: '0x68da23115dfb83f67515cb2b65b4dd09'
### v: '0x68da23115dfb83f67515cb2b65b4dd09'

### d_i: '0xf71dcc720b26585f8020bdb5324d536ede5a99caeebca3f6419f4648'

### d_i: '0xf71dcc720b26585f8020bdb5324d536ede5a99caeebca3f6419f4648'

### d_i_pem: '-----BEGIN EC PRIVATE KEY-----
MGgCAQEEHPcdzHILJlhfgCC9tTJNU27eWpnK7ryj9kGfRkigBwYFK4EEACGhPAM6
AARwlDzm63tJGpp6ngrKWQlgxcremUNSAnbKJNlnxTwrKTujkk4cn3FA39xnkbAC
fidcJt4YSG0HIw==
-----END EC PRIVATE KEY-----'

### d_i_pem: '-----BEGIN EC PRIVATE KEY-----
MGgCAQEEHPcdzHILJlhfgCC9tTJNU27eWpnK7ryj9kGfRkigBwYFK4EEACGhPAM6
AARwlDzm63tJGpp6ngrKWQlgxcremUNSAnbKJNlnxTwrKTujkk4cn3FA39xnkbAC
fidcJt4YSG0HIw==
-----END EC PRIVATE KEY-----'

### P_i_encoded: '0470943ce6eb7b491a9a7a9e0aca590960c5cade9943520276ca24d967c53c2b293ba3924e1c9f7140dfdc6791b0027e275c26de18486d0723'

### P_i_encoded: '0470943ce6eb7b491a9a7a9e0aca590960c5cade9943520276ca24d967c53c2b293ba3924e1c9f7140dfdc6791b0027e275c26de18486d0723'

### P_i_pem: '-----BEGIN PUBLIC KEY-----
ME4wEAYHKoZIzj0CAQYFK4EEACEDOgAEcJQ85ut7SRqaep4KylkJYMXK3plDUgJ2
yiTZZ8U8Kyk7o5JOHJ9xQN/cZ5GwAn4nXCbeGEhtByM=
-----END PUBLIC KEY-----'

### P_i_pem: '-----BEGIN PUBLIC KEY-----
ME4wEAYHKoZIzj0CAQYFK4EEACEDOgAEcJQ85ut7SRqaep4KylkJYMXK3plDUgJ2
yiTZZ8U8Kyk7o5JOHJ9xQN/cZ5GwAn4nXCbeGEhtByM=
-----END PUBLIC KEY-----'
